<?xml version="1.0" encoding="UTF-8"?>
<!-- Generated by org.testng.reporters.JUnitReportReporter -->
<testsuite skipped="0" hostname="DESKTOP-TDF5CHD" name="com.ipe2.tests.ValidLoginLogout" tests="1" failures="0" timestamp="15 Jul 2017 10:32:18 GMT" time="14.420" errors="0">
  <testcase name="testValidLoginLogout" time="14.420" classname="com.ipe2.tests.ValidLoginLogout"/>
</testsuite> <!-- com.ipe2.tests.ValidLoginLogout -->
